TN:
SF:script/Deploy.s.sol
DA:26,0
FN:26,Deploy.run
FNDA:0,Deploy.run
DA:27,0
DA:28,0
DA:29,0
DA:31,0
DA:32,0
DA:33,0
DA:35,0
DA:38,0
DA:41,0
BRDA:41,0,0,-
DA:42,0
DA:43,0
DA:44,0
DA:45,0
DA:46,0
DA:47,0
DA:51,0
DA:52,0
DA:53,0
DA:54,0
DA:55,0
DA:56,0
DA:59,0
DA:60,0
DA:61,0
DA:64,0
DA:65,0
DA:66,0
DA:67,0
DA:70,0
DA:71,0
DA:74,0
DA:77,0
DA:80,0
DA:83,0
DA:84,0
DA:87,0
DA:88,0
DA:89,0
DA:90,0
DA:92,0
DA:95,0
DA:96,0
DA:97,0
DA:98,0
DA:99,0
DA:100,0
DA:101,0
DA:102,0
DA:103,0
DA:104,0
DA:105,0
DA:106,0
DA:107,0
DA:108,0
DA:109,0
DA:112,0
DA:113,0
DA:114,0
DA:115,0
DA:116,0
DA:117,0
DA:118,0
DA:119,0
DA:120,0
DA:121,0
DA:122,0
DA:123,0
DA:124,0
DA:125,0
DA:126,0
DA:127,0
DA:129,0
DA:130,0
DA:131,0
DA:132,0
DA:135,0
FNF:1
FNH:0
LF:77
LH:0
BRF:1
BRH:0
end_of_record
TN:
SF:script/TestnetE2E.s.sol
DA:22,0
FN:22,TestnetE2E.run
FNDA:0,TestnetE2E.run
DA:23,0
DA:24,0
DA:25,0
DA:26,0
DA:27,0
DA:28,0
DA:29,0
DA:31,0
DA:32,0
DA:33,0
DA:34,0
DA:37,0
DA:38,0
DA:39,0
DA:40,0
DA:41,0
DA:42,0
DA:43,0
DA:44,0
DA:47,0
DA:48,0
DA:49,0
DA:50,0
DA:51,0
DA:52,0
DA:53,0
DA:56,0
DA:57,0
DA:58,0
DA:61,0
DA:62,0
DA:63,0
DA:64,0
DA:67,0
DA:68,0
DA:69,0
DA:70,0
DA:73,0
DA:74,0
DA:75,0
DA:76,0
DA:77,0
DA:78,0
DA:81,0
DA:82,0
DA:83,0
DA:86,0
DA:87,0
DA:88,0
DA:89,0
DA:90,0
DA:91,0
DA:92,0
BRDA:92,0,0,-
BRDA:92,0,1,-
DA:93,0
DA:94,0
DA:95,0
DA:96,0
DA:97,0
DA:98,0
DA:99,0
DA:101,0
DA:103,0
DA:104,0
DA:105,0
DA:108,0
DA:109,0
DA:110,0
DA:111,0
DA:113,0
DA:114,0
FNF:1
FNH:0
LF:71
LH:0
BRF:2
BRH:0
end_of_record
TN:
SF:script/Verify.s.sol
DA:14,0
FN:14,Verify.run
FNDA:0,Verify.run
DA:15,0
DA:16,0
DA:17,0
DA:18,0
DA:19,0
DA:20,0
DA:21,0
DA:22,0
DA:23,0
DA:24,0
DA:25,0
DA:27,0
DA:28,0
DA:29,0
DA:30,0
DA:31,0
DA:32,0
DA:33,0
DA:34,0
DA:35,0
DA:36,0
DA:37,0
DA:38,0
DA:40,0
DA:41,0
DA:42,0
DA:43,0
DA:44,0
DA:45,0
DA:46,0
DA:47,0
DA:48,0
DA:51,0
FN:51,Verify._print
FNDA:0,Verify._print
DA:52,0
FNF:2
FNH:0
LF:35
LH:0
BRF:0
BRH:0
end_of_record
TN:
SF:src/InterestRateModel.sol
DA:36,131
FN:36,InterestRateModel.constructor
FNDA:131,InterestRateModel.constructor
DA:37,0
DA:40,2
FN:40,InterestRateModel.setParams
FNDA:2,InterestRateModel.setParams
DA:41,2
BRDA:41,0,0,0
BRDA:41,0,1,0
DA:42,1
DA:43,1
DA:44,1
DA:45,1
DA:46,2
DA:49,2
FN:49,InterestRateModel.setTierPremium
FNDA:2,InterestRateModel.setTierPremium
DA:50,2
BRDA:50,1,0,2
BRDA:50,1,1,2
DA:51,1
DA:52,2
DA:56,88
FN:56,InterestRateModel.setMarketGovernor
FNDA:88,InterestRateModel.setMarketGovernor
DA:57,88
BRDA:57,2,0,0
BRDA:57,2,1,0
DA:58,88
DA:59,88
DA:63,6
FN:63,InterestRateModel.applyPreset
FNDA:6,InterestRateModel.applyPreset
DA:64,6
BRDA:64,3,0,6
BRDA:64,3,1,4
DA:65,5
BRDA:65,4,0,0
BRDA:65,4,1,4
DA:66,0
DA:67,4
BRDA:67,5,0,0
BRDA:67,5,1,2
DA:68,0
DA:70,0
DA:72,5
DA:73,6
DA:77,132
FN:77,InterestRateModel._applyNormal
FNDA:132,InterestRateModel._applyNormal
DA:78,132
DA:79,132
DA:80,132
DA:81,132
DA:82,132
DA:83,132
DA:84,132
DA:85,132
DA:86,132
DA:90,2
FN:90,InterestRateModel._applyHighVolatility
FNDA:2,InterestRateModel._applyHighVolatility
DA:91,2
DA:92,2
DA:93,2
DA:94,2
DA:95,2
DA:96,2
DA:97,2
DA:98,2
DA:99,2
DA:103,2
FN:103,InterestRateModel._applyExtreme
FNDA:2,InterestRateModel._applyExtreme
DA:104,2
DA:105,2
DA:106,2
DA:107,2
DA:108,2
DA:109,2
DA:110,2
DA:111,2
DA:112,2
DA:115,123
FN:115,InterestRateModel.getBorrowRatePerSecond
FNDA:123,InterestRateModel.getBorrowRatePerSecond
DA:116,123
DA:117,123
BRDA:117,6,0,107
BRDA:117,6,1,16
DA:118,107
DA:120,16
DA:121,16
DA:123,123
DA:126,48
FN:126,InterestRateModel.getBorrowAPR
FNDA:48,InterestRateModel.getBorrowAPR
DA:127,48
DA:130,1092
FN:130,InterestRateModel._aprToPerSecond
FNDA:1092,InterestRateModel._aprToPerSecond
DA:131,1092
FNF:11
FNH:11
LF:67
LH:63
BRF:14
BRH:8
end_of_record
TN:
SF:src/LendingPool.sol
DA:74,123
FN:74,LendingPool.constructor
FNDA:123,LendingPool.constructor
DA:82,123
DA:83,123
DA:84,123
DA:85,123
DA:86,123
DA:87,123
DA:88,123
DA:89,123
DA:90,615
DA:92,123
DA:93,123
DA:94,123
DA:99,99
FN:99,LendingPool.supply
FNDA:99,LendingPool.supply
DA:100,99
BRDA:100,0,0,0
BRDA:100,0,1,0
DA:101,0
DA:102,99
DA:103,99
BRDA:103,1,0,0
BRDA:103,1,1,0
DA:104,99
DA:105,99
DA:106,99
DA:107,99
DA:108,99
BRDA:108,2,0,99
BRDA:108,2,1,0
DA:111,16
FN:111,LendingPool.withdraw
FNDA:16,LendingPool.withdraw
DA:112,16
BRDA:112,3,0,0
BRDA:112,3,1,0
DA:113,0
DA:114,16
DA:115,16
BRDA:115,4,0,0
BRDA:115,4,1,0
DA:116,13
DA:117,13
BRDA:117,5,0,0
BRDA:117,5,1,0
DA:118,13
DA:119,12
DA:120,12
DA:121,12
DA:122,16
BRDA:122,6,0,11
BRDA:122,6,1,0
DA:125,100
FN:125,LendingPool.supplyCollateral
FNDA:100,LendingPool.supplyCollateral
DA:126,100
BRDA:126,7,0,0
BRDA:126,7,1,0
DA:127,100
DA:128,100
DA:131,4
FN:131,LendingPool.withdrawCollateral
FNDA:4,LendingPool.withdrawCollateral
DA:132,4
BRDA:132,8,0,0
BRDA:132,8,1,0
DA:133,0
DA:134,4
DA:135,4
BRDA:135,9,0,0
BRDA:135,9,1,0
DA:136,3
DA:137,3
BRDA:137,10,0,1
DA:138,1
DA:139,1
DA:140,1
BRDA:140,11,0,0
BRDA:140,11,1,0
DA:142,2
DA:143,2
DA:144,2
DA:147,106
FN:147,LendingPool.borrow
FNDA:106,LendingPool.borrow
DA:148,106
BRDA:148,12,0,0
BRDA:148,12,1,0
DA:149,106
BRDA:149,13,0,106
BRDA:149,13,1,106
DA:150,0
DA:151,106
DA:152,106
BRDA:152,14,0,5
DA:153,5
BRDA:153,15,0,0
BRDA:153,15,1,0
DA:155,104
DA:156,104
DA:157,104
DA:158,104
DA:159,99
BRDA:159,16,0,0
BRDA:159,16,1,0
DA:160,99
DA:161,99
DA:162,99
DA:163,99
DA:164,99
DA:165,99
DA:166,99
DA:167,99
DA:168,99
BRDA:168,17,0,98
BRDA:168,17,1,0
DA:171,21
FN:171,LendingPool.repay
FNDA:21,LendingPool.repay
DA:172,21
BRDA:172,18,0,0
BRDA:172,18,1,0
DA:173,0
DA:174,21
DA:175,21
BRDA:175,19,0,0
BRDA:175,19,1,0
DA:176,20
DA:177,20
DA:178,20
DA:179,20
DA:180,20
DA:181,20
BRDA:181,20,0,6
DA:182,6
DA:183,6
DA:184,6
DA:186,20
DA:187,21
DA:188,20
DA:189,21
BRDA:189,21,0,20
BRDA:189,21,1,0
DA:193,97
FN:193,LendingPool.liquidate
FNDA:97,LendingPool.liquidate
DA:194,97
BRDA:194,22,0,0
BRDA:194,22,1,0
DA:195,96
BRDA:195,23,0,0
BRDA:195,23,1,0
DA:196,0
DA:197,96
DA:198,96
BRDA:198,24,0,0
BRDA:198,24,1,0
DA:199,96
DA:200,96
DA:201,96
DA:202,96
BRDA:202,25,0,0
BRDA:202,25,1,0
DA:203,94
DA:204,94
DA:205,94
BRDA:205,26,0,85
DA:206,94
BRDA:206,27,0,0
DA:207,94
BRDA:207,28,0,0
BRDA:207,28,1,0
DA:208,94
DA:209,94
DA:210,94
DA:211,94
DA:212,94
BRDA:212,29,0,0
DA:213,94
BRDA:213,30,0,0
BRDA:213,30,1,0
DA:214,94
BRDA:214,31,0,2
BRDA:214,32,0,0
BRDA:214,32,1,0
DA:215,94
DA:216,94
DA:217,93
DA:218,94
DA:219,93
BRDA:219,33,0,0
DA:220,0
DA:221,0
DA:222,0
DA:224,94
DA:225,93
DA:226,93
DA:227,94
BRDA:227,34,0,0
BRDA:227,34,1,93
DA:228,0
DA:230,93
DA:232,93
DA:233,0
BRDA:233,35,0,92
BRDA:233,35,1,-
DA:234,92
DA:239,21
FN:239,LendingPool.handleBadDebt
FNDA:21,LendingPool.handleBadDebt
DA:240,0
DA:241,21
DA:242,21
BRDA:242,36,0,0
BRDA:242,36,1,0
DA:243,21
BRDA:243,37,0,0
BRDA:243,37,1,0
DA:244,20
DA:245,20
DA:246,20
DA:247,20
BRDA:247,38,0,0
BRDA:247,38,1,0
DA:248,20
DA:249,20
BRDA:249,39,0,1
DA:250,20
DA:251,20
DA:252,20
DA:253,20
DA:254,20
DA:256,20
DA:257,20
BRDA:257,40,0,19
BRDA:257,40,1,1
DA:258,19
DA:259,19
DA:260,19
DA:261,19
DA:262,19
DA:263,19
DA:264,19
DA:265,1
BRDA:265,41,0,0
DA:266,0
DA:267,0
DA:268,0
DA:273,2
FN:273,LendingPool.settleBadDebt
FNDA:2,LendingPool.settleBadDebt
DA:274,1
BRDA:274,42,0,1
BRDA:274,42,1,1
DA:275,1
DA:276,1
DA:277,1
BRDA:277,43,0,0
BRDA:277,43,1,0
DA:278,1
DA:279,1
DA:280,1
DA:281,1
DA:284,40
FN:284,LendingPool.skimReserve
FNDA:40,LendingPool.skimReserve
DA:285,0
DA:286,40
DA:287,40
BRDA:287,44,0,0
BRDA:287,44,1,0
DA:288,39
DA:289,39
DA:290,39
DA:291,0
BRDA:291,45,0,39
BRDA:291,45,1,-
DA:294,58
FN:294,LendingPool.accrue
FNDA:58,LendingPool.accrue
DA:295,0
DA:300,2
FN:300,LendingPool.setReserveFactor
FNDA:2,LendingPool.setReserveFactor
DA:301,1
BRDA:301,46,0,0
BRDA:301,46,1,0
DA:302,1
DA:303,1
DA:306,2
FN:306,LendingPool.setPriceOracle
FNDA:2,LendingPool.setPriceOracle
DA:307,1
DA:310,1
FN:310,LendingPool.setInterestRateModel
FNDA:1,LendingPool.setInterestRateModel
DA:311,0
DA:314,1
FN:314,LendingPool.setRiskManager
FNDA:1,LendingPool.setRiskManager
DA:315,0
DA:318,2
FN:318,LendingPool.setLiquidationManager
FNDA:2,LendingPool.setLiquidationManager
DA:319,1
DA:322,2
FN:322,LendingPool.setReserveManager
FNDA:2,LendingPool.setReserveManager
DA:323,1
DA:326,3
FN:326,LendingPool.pause
FNDA:3,LendingPool.pause
DA:327,0
DA:330,1
FN:330,LendingPool.unpause
FNDA:1,LendingPool.unpause
DA:331,0
DA:336,214
FN:336,LendingPool.getTotalBorrows
FNDA:214,LendingPool.getTotalBorrows
DA:337,214
DA:338,214
DA:339,1070
DA:341,214
DA:344,133
FN:344,LendingPool.getTotalSupply
FNDA:133,LendingPool.getTotalSupply
DA:345,133
DA:348,82
FN:348,LendingPool.getUtilization
FNDA:82,LendingPool.getUtilization
DA:349,82
DA:350,82
DA:351,82
BRDA:351,47,0,4
DA:352,78
DA:355,1
FN:355,LendingPool.getBorrowAPR
FNDA:1,LendingPool.getBorrowAPR
DA:356,1
DA:359,1
FN:359,LendingPool.getSupplyAPR
FNDA:1,LendingPool.getSupplyAPR
DA:360,1
DA:361,1
DA:362,1
DA:365,120
FN:365,LendingPool.getDebt
FNDA:120,LendingPool.getDebt
DA:366,120
DA:369,38
FN:369,LendingPool.getCollateralValue
FNDA:38,LendingPool.getCollateralValue
DA:370,38
DA:373,113
FN:373,LendingPool.getUserHealthFactor
FNDA:113,LendingPool.getUserHealthFactor
DA:374,113
DA:375,113
DA:376,112
BRDA:376,48,0,0
DA:377,112
DA:380,32
FN:380,LendingPool.isLiquidatable
FNDA:32,LendingPool.isLiquidatable
DA:381,32
DA:382,32
DA:383,32
BRDA:383,49,0,0
DA:384,32
DA:387,2
FN:387,LendingPool.maxBorrowable
FNDA:2,LendingPool.maxBorrowable
DA:388,2
DA:389,2
DA:390,2
DA:391,2
BRDA:391,50,0,0
DA:392,2
DA:393,2
BRDA:393,51,0,1
DA:394,1
DA:397,202
FN:397,LendingPool.getUserPosition
FNDA:202,LendingPool.getUserPosition
DA:410,202
DA:411,202
DA:412,202
DA:413,202
DA:414,202
DA:415,202
DA:416,202
BRDA:416,52,0,0
BRDA:416,52,1,197
DA:417,0
DA:419,197
DA:421,202
DA:426,461
FN:426,LendingPool._accrue
FNDA:461,LendingPool._accrue
DA:427,461
DA:428,461
BRDA:428,53,0,392
DA:429,69
DA:430,69
DA:431,69
DA:432,69
DA:433,345
DA:434,345
BRDA:434,54,0,278
DA:435,67
DA:436,67
DA:437,67
DA:438,67
DA:439,67
DA:441,69
BRDA:441,55,0,2
DA:442,2
DA:443,2
DA:445,67
DA:446,67
BRDA:446,56,0,67
BRDA:446,56,1,0
DA:447,67
DA:448,67
DA:450,0
DA:452,67
DA:453,67
DA:456,703
FN:456,LendingPool._getDebt6
FNDA:703,LendingPool._getDebt6
DA:457,703
BRDA:457,57,0,0
DA:458,703
DA:461,785
FN:461,LendingPool._getDebtWad
FNDA:785,LendingPool._getDebtWad
DA:462,785
BRDA:462,58,0,122
DA:464,663
DA:468,955
FN:468,LendingPool._usdcPrice
FNDA:955,LendingPool._usdcPrice
DA:469,955
DA:470,955
BRDA:470,59,0,0
BRDA:470,59,1,0
DA:471,0
DA:475,861
FN:475,LendingPool._toWadUsd
FNDA:861,LendingPool._toWadUsd
DA:476,861
DA:480,94
FN:480,LendingPool._toUsdc6
FNDA:94,LendingPool._toUsdc6
DA:481,94
DA:484,679
FN:484,LendingPool._getCollateralValueWad
FNDA:679,LendingPool._getCollateralValueWad
DA:485,679
DA:488,1
FN:488,LendingPool._getAverageBorrowRate
FNDA:1,LendingPool._getAverageBorrowRate
DA:489,1
DA:490,1
DA:491,1
DA:492,1
DA:493,5
DA:494,5
BRDA:494,60,0,4
DA:495,1
DA:496,1
DA:497,1
DA:499,1
BRDA:499,61,0,0
DA:500,1
DA:503,212
FN:503,LendingPool._mulDivUp
FNDA:212,LendingPool._mulDivUp
DA:504,212
DA:508,94
FN:508,LendingPool._safeSendEth
FNDA:94,LendingPool._safeSendEth
DA:509,94
DA:510,94
BRDA:510,62,0,0
BRDA:510,62,1,0
FNF:41
FNH:41
LF:304
LH:279
BRF:104
BRH:28
end_of_record
TN:
SF:src/LiquidationManager.sol
DA:16,94
FN:16,LiquidationManager.computeSeizeValue
FNDA:94,LiquidationManager.computeSeizeValue
DA:21,94
DA:22,94
BRDA:22,0,0,29
DA:23,94
FNF:1
FNH:1
LF:4
LH:4
BRF:1
BRH:1
end_of_record
TN:
SF:src/ReserveManager.sol
DA:19,123
FN:19,ReserveManager.constructor
FNDA:123,ReserveManager.constructor
DA:20,123
DA:23,124
FN:23,ReserveManager.setLendingPool
FNDA:124,ReserveManager.setLendingPool
DA:24,124
BRDA:24,0,0,0
BRDA:24,0,1,0
DA:25,123
DA:26,124
DA:30,22
FN:30,ReserveManager.coverBadDebt
FNDA:22,ReserveManager.coverBadDebt
DA:31,22
BRDA:31,1,0,0
BRDA:31,1,1,0
DA:32,21
BRDA:32,2,0,0
BRDA:32,2,1,0
DA:33,21
DA:34,22
BRDA:34,3,0,21
BRDA:34,3,1,0
DA:37,29
FN:37,ReserveManager.balance
FNDA:29,ReserveManager.balance
DA:38,29
FNF:4
FNH:4
LF:13
LH:13
BRF:8
BRH:1
end_of_record
TN:
SF:src/RiskManager.sol
DA:43,131
FN:43,RiskManager.constructor
FNDA:131,RiskManager.constructor
DA:44,131
DA:45,131
DA:46,131
DA:47,131
DA:48,131
DA:51,4
FN:51,RiskManager.setTier
FNDA:4,RiskManager.setTier
DA:52,4
BRDA:52,0,0,4
BRDA:52,0,1,4
DA:53,3
BRDA:53,1,0,0
BRDA:53,1,1,0
DA:54,2
BRDA:54,2,0,0
BRDA:54,2,1,0
DA:55,1
BRDA:55,3,0,0
BRDA:55,3,1,0
DA:56,1
DA:57,4
DA:60,2
FN:60,RiskManager.setLiquidationBonus
FNDA:2,RiskManager.setLiquidationBonus
DA:61,2
BRDA:61,4,0,0
BRDA:61,4,1,0
DA:62,1
DA:63,2
DA:66,2
FN:66,RiskManager.setCloseFactor
FNDA:2,RiskManager.setCloseFactor
DA:67,2
BRDA:67,5,0,0
BRDA:67,5,1,0
DA:68,1
DA:69,2
DA:73,2
FN:73,RiskManager.setMaxBorrowTier
FNDA:2,RiskManager.setMaxBorrowTier
DA:74,2
BRDA:74,6,0,2
BRDA:74,6,1,2
DA:75,2
DA:76,2
DA:79,1
FN:79,RiskManager.getMaxBorrowTier
FNDA:1,RiskManager.getMaxBorrowTier
DA:80,1
DA:83,38
FN:83,RiskManager.getMaxLTV
FNDA:38,RiskManager.getMaxLTV
DA:84,38
DA:87,32
FN:87,RiskManager.getLiquidationThreshold
FNDA:32,RiskManager.getLiquidationThreshold
DA:88,32
DA:91,94
FN:91,RiskManager.getLiquidationBonus
FNDA:94,RiskManager.getLiquidationBonus
DA:92,94
DA:95,94
FN:95,RiskManager.getCloseFactor
FNDA:94,RiskManager.getCloseFactor
DA:96,94
DA:99,107
FN:99,RiskManager.validateBorrow
FNDA:107,RiskManager.validateBorrow
DA:100,107
BRDA:100,7,0,0
BRDA:100,7,1,0
DA:101,105
BRDA:101,8,0,0
BRDA:101,8,1,0
DA:102,107
DA:103,107
BRDA:103,9,0,0
BRDA:103,9,1,0
DA:106,633
FN:106,RiskManager.getHealthFactor
FNDA:633,RiskManager.getHealthFactor
DA:107,633
BRDA:107,10,0,1
DA:108,632
BRDA:108,11,0,84
DA:109,548
FNF:12
FNH:12
LF:44
LH:44
BRF:22
BRH:6
end_of_record
TN:
SF:src/mocks/MockAggregatorV3.sol
DA:18,22
FN:18,MockAggregatorV3.setData
FNDA:22,MockAggregatorV3.setData
DA:19,22
DA:20,22
DA:21,22
DA:24,0
FN:24,MockAggregatorV3.decimals
FNDA:0,MockAggregatorV3.decimals
DA:25,0
DA:28,18
FN:28,MockAggregatorV3.latestRoundData
FNDA:18,MockAggregatorV3.latestRoundData
DA:29,18
FNF:3
FNH:2
LF:8
LH:6
BRF:0
BRH:0
end_of_record
TN:
SF:src/mocks/MockPriceOracle.sol
DA:9,337
FN:9,MockPriceOracle.setPrice
FNDA:337,MockPriceOracle.setPrice
DA:10,337
DA:13,1725
FN:13,MockPriceOracle.getAssetPrice
FNDA:1725,MockPriceOracle.getAssetPrice
DA:14,1725
FNF:2
FNH:2
LF:4
LH:4
BRF:0
BRH:0
end_of_record
TN:
SF:src/mocks/MockUSDC.sol
DA:9,131
FN:9,MockUSDC.constructor
FNDA:131,MockUSDC.constructor
DA:11,0
FN:11,MockUSDC.decimals
FNDA:0,MockUSDC.decimals
DA:12,0
DA:15,123
FN:15,MockUSDC.faucet
FNDA:123,MockUSDC.faucet
DA:16,123
FNF:3
FNH:2
LF:5
LH:3
BRF:0
BRH:0
end_of_record
TN:
SF:src/oracle/ChainlinkOracle.sol
DA:50,9
FN:50,ChainlinkOracle.constructor
FNDA:9,ChainlinkOracle.constructor
DA:51,9
DA:52,9
DA:53,9
DA:58,19
FN:58,ChainlinkOracle.setFeed
FNDA:19,ChainlinkOracle.setFeed
DA:59,19
BRDA:59,0,0,0
BRDA:59,0,1,0
DA:60,19
BRDA:60,1,0,0
BRDA:60,1,1,0
DA:61,19
DA:62,19
DA:65,1
FN:65,ChainlinkOracle.removeFeed
FNDA:1,ChainlinkOracle.removeFeed
DA:67,1
DA:70,3
FN:70,ChainlinkOracle.setMaxStaleness
FNDA:3,ChainlinkOracle.setMaxStaleness
DA:71,2
BRDA:71,2,0,2
BRDA:71,2,1,1
DA:72,1
DA:73,2
DA:76,1
FN:76,ChainlinkOracle.setMaxDeviation
FNDA:1,ChainlinkOracle.setMaxDeviation
DA:77,1
BRDA:77,3,0,1
BRDA:77,3,1,1
DA:78,0
DA:79,1
DA:82,2
FN:82,ChainlinkOracle.setFallbackMaxAge
FNDA:2,ChainlinkOracle.setFallbackMaxAge
DA:83,2
BRDA:83,4,0,2
BRDA:83,4,1,1
DA:84,1
DA:85,2
DA:90,2
FN:90,ChainlinkOracle.pause
FNDA:2,ChainlinkOracle.pause
DA:91,2
DA:92,2
DA:95,2
FN:95,ChainlinkOracle.unpause
FNDA:2,ChainlinkOracle.unpause
DA:96,2
DA:97,2
DA:100,1
FN:100,ChainlinkOracle.enableFallback
FNDA:1,ChainlinkOracle.enableFallback
DA:101,1
DA:102,1
DA:105,1
FN:105,ChainlinkOracle.disableFallback
FNDA:1,ChainlinkOracle.disableFallback
DA:106,1
DA:107,1
DA:114,15
FN:114,ChainlinkOracle.getAssetPrice
FNDA:15,ChainlinkOracle.getAssetPrice
DA:115,15
BRDA:115,5,0,0
BRDA:115,5,1,0
DA:116,2
BRDA:116,6,0,2
DA:117,11
DA:118,9
DA:122,8
FN:122,ChainlinkOracle.updatePrice
FNDA:8,ChainlinkOracle.updatePrice
DA:123,8
BRDA:123,7,0,0
BRDA:123,7,1,0
DA:124,0
BRDA:124,8,0,-
DA:125,0
DA:126,0
DA:127,0
DA:128,0
DA:130,8
DA:131,1
BRDA:131,9,0,1
DA:132,8
DA:133,8
DA:134,8
DA:135,0
DA:141,19
FN:141,ChainlinkOracle._readPrice
FNDA:19,ChainlinkOracle._readPrice
DA:142,19
DA:143,19
BRDA:143,10,0,0
BRDA:143,10,1,0
DA:144,18
DA:145,18
BRDA:145,11,0,0
BRDA:145,11,1,0
DA:146,18
BRDA:146,12,0,0
BRDA:146,12,1,0
DA:147,18
BRDA:147,13,0,0
BRDA:147,13,1,0
DA:148,18
DA:149,17
DA:150,17
BRDA:150,14,0,7
DA:151,7
DA:152,7
BRDA:152,15,0,3
DA:156,2
FN:156,ChainlinkOracle._getFallbackPrice
FNDA:2,ChainlinkOracle._getFallbackPrice
DA:157,2
DA:158,2
BRDA:158,16,0,0
BRDA:158,16,1,0
DA:159,2
BRDA:159,17,0,0
BRDA:159,17,1,0
DA:160,0
DA:163,17
FN:163,ChainlinkOracle._scale
FNDA:17,ChainlinkOracle._scale
DA:164,17
BRDA:164,18,0,14
DA:165,3
BRDA:165,19,0,0
DA:166,3
FNF:15
FNH:15
LF:74
LH:66
BRF:33
BRH:11
end_of_record
TN:
SF:src/oracle/SwitchableOracle.sol
DA:25,8
FN:25,SwitchableOracle.constructor
FNDA:8,SwitchableOracle.constructor
DA:26,8
BRDA:26,0,0,0
BRDA:26,0,1,0
DA:27,8
DA:28,8
DA:29,8
DA:30,8
DA:35,0
FN:35,SwitchableOracle.setPrimaryOracle
FNDA:0,SwitchableOracle.setPrimaryOracle
DA:36,0
BRDA:36,1,0,-
BRDA:36,1,1,-
DA:37,0
DA:38,0
DA:42,5
FN:42,SwitchableOracle.setPrice
FNDA:5,SwitchableOracle.setPrice
DA:43,4
BRDA:43,2,0,0
BRDA:43,2,1,0
DA:44,4
DA:45,4
DA:51,7
FN:51,SwitchableOracle.enableSettable
FNDA:7,SwitchableOracle.enableSettable
DA:52,6
DA:53,6
DA:54,6
DA:58,4
FN:58,SwitchableOracle.disableSettable
FNDA:4,SwitchableOracle.disableSettable
DA:59,3
DA:60,3
DA:61,3
DA:64,1
FN:64,SwitchableOracle.pause
FNDA:1,SwitchableOracle.pause
DA:65,1
DA:66,1
DA:69,1
FN:69,SwitchableOracle.unpause
FNDA:1,SwitchableOracle.unpause
DA:70,1
DA:71,1
DA:76,23
FN:76,SwitchableOracle.getAssetPrice
FNDA:23,SwitchableOracle.getAssetPrice
DA:77,23
BRDA:77,3,0,0
BRDA:77,3,1,0
DA:78,14
BRDA:78,4,0,14
DA:79,14
DA:80,14
BRDA:80,5,0,0
BRDA:80,5,1,0
DA:81,13
DA:83,8
FNF:8
FNH:7
LF:35
LH:31
BRF:11
BRH:1
end_of_record
TN:
SF:src/risk/RiskEngine.sol
DA:67,12
FN:67,RiskEngine.constructor
FNDA:12,RiskEngine.constructor
DA:68,12
DA:69,12
DA:70,12
DA:71,12
DA:76,0
FN:76,RiskEngine.setOracle
FNDA:0,RiskEngine.setOracle
DA:77,0
BRDA:77,0,0,-
BRDA:77,0,1,-
DA:78,0
DA:81,4
FN:81,RiskEngine.setVolThresholds
FNDA:4,RiskEngine.setVolThresholds
DA:82,3
DA:83,1
DA:84,1
DA:85,1
DA:86,3
DA:89,0
FN:89,RiskEngine.setUtilThresholds
FNDA:0,RiskEngine.setUtilThresholds
DA:90,0
DA:91,0
DA:92,0
DA:93,0
DA:94,0
DA:97,0
FN:97,RiskEngine.setLtvRatioThresholds
FNDA:0,RiskEngine.setLtvRatioThresholds
DA:98,0
DA:99,0
DA:100,0
DA:101,0
DA:102,0
DA:105,0
FN:105,RiskEngine.setLiquidityThresholds
FNDA:0,RiskEngine.setLiquidityThresholds
DA:106,0
BRDA:106,1,0,-
BRDA:106,1,1,-
DA:107,0
BRDA:107,2,0,-
BRDA:107,2,1,-
DA:108,0
BRDA:108,3,0,-
BRDA:108,3,1,-
DA:109,0
DA:110,0
DA:111,0
DA:112,0
DA:115,4
FN:115,RiskEngine.setSamplingParams
FNDA:4,RiskEngine.setSamplingParams
DA:116,4
BRDA:116,4,0,4
BRDA:116,4,1,3
DA:117,3
BRDA:117,5,0,3
BRDA:117,5,1,2
DA:118,2
DA:119,2
DA:120,4
DA:125,7
FN:125,RiskEngine.recordSample
FNDA:7,RiskEngine.recordSample
DA:126,7
BRDA:126,6,0,0
BRDA:126,6,1,0
DA:127,7
DA:128,7
DA:129,7
DA:130,7
BRDA:130,7,0,0
DA:131,0
DA:132,0
DA:134,0
DA:136,7
DA:137,7
DA:140,1
FN:140,RiskEngine.getSampleCount
FNDA:1,RiskEngine.getSampleCount
DA:141,1
DA:145,6
FN:145,RiskEngine.getPerPeriodVolatility
FNDA:6,RiskEngine.getPerPeriodVolatility
DA:146,6
DA:147,6
BRDA:147,8,0,4
DA:148,2
DA:149,2
DA:150,4
DA:152,2
DA:153,2
DA:154,4
DA:156,2
DA:157,2
DA:158,2
DA:159,4
DA:160,4
DA:162,2
DA:163,2
DA:167,6
FN:167,RiskEngine.getAnnualizedVolatility
FNDA:6,RiskEngine.getAnnualizedVolatility
DA:168,6
DA:169,6
DA:180,13
FN:180,RiskEngine.getRiskLevel
FNDA:13,RiskEngine.getRiskLevel
DA:187,13
BRDA:187,9,0,0
BRDA:187,9,1,0
DA:188,12
DA:190,12
DA:191,12
DA:192,12
DA:193,12
DA:195,12
DA:196,12
BRDA:196,10,0,8
BRDA:196,10,1,4
DA:197,8
DA:198,4
BRDA:198,11,0,1
BRDA:198,11,1,3
DA:199,1
DA:200,3
BRDA:200,12,0,1
BRDA:200,12,1,2
DA:201,1
DA:203,2
DA:206,12
DA:207,12
BRDA:207,13,0,0
BRDA:207,13,1,12
DA:208,0
DA:210,12
DA:211,12
BRDA:211,14,0,8
BRDA:211,14,1,4
DA:212,8
DA:213,4
BRDA:213,15,0,1
BRDA:213,15,1,3
DA:214,1
DA:215,3
BRDA:215,16,0,1
BRDA:215,16,1,2
DA:216,1
DA:218,2
DA:222,12
BRDA:222,17,0,4
DA:223,12
BRDA:223,18,0,0
DA:224,12
BRDA:224,19,0,0
DA:225,12
BRDA:225,20,0,0
DA:226,12
DA:229,1
FN:229,RiskEngine.isExtreme
FNDA:1,RiskEngine.isExtreme
DA:234,1
DA:239,4
FN:239,RiskEngine.calculateRiskLevelAuto
FNDA:4,RiskEngine.calculateRiskLevelAuto
DA:240,4
DA:241,4
DA:242,4
DA:244,4
DA:245,2
DA:249,2
FN:249,RiskEngine.getRecommendation
FNDA:2,RiskEngine.getRecommendation
DA:250,2
BRDA:250,21,0,1
DA:251,1
BRDA:251,22,0,0
DA:252,1
BRDA:252,23,0,0
DA:253,1
DA:258,24
FN:258,RiskEngine._levelFromThresholds
FNDA:24,RiskEngine._levelFromThresholds
DA:259,24
BRDA:259,24,0,16
DA:260,8
BRDA:260,25,0,2
DA:261,6
BRDA:261,26,0,2
DA:262,4
DA:265,3
FN:265,RiskEngine._requireOrdered
FNDA:3,RiskEngine._requireOrdered
DA:266,3
BRDA:266,27,0,3
BRDA:266,27,1,2
DA:267,3
BRDA:267,28,0,2
BRDA:267,28,1,1
DA:270,8
FN:270,RiskEngine._sqrt
FNDA:8,RiskEngine._sqrt
DA:271,8
BRDA:271,29,0,7
BRDA:271,29,1,1
DA:272,7
DA:273,7
DA:274,117
DA:275,110
DA:276,110
DA:278,1
BRDA:278,30,0,0
DA:279,0
FNF:18
FNH:14
LF:133
LH:105
BRF:49
BRH:29
end_of_record
TN:
SF:test/BaseSetup.t.sol
DA:30,88
FN:30,BaseSetup.setUp
FNDA:88,BaseSetup.setUp
DA:31,88
DA:32,88
DA:33,88
DA:34,88
DA:36,88
DA:37,88
DA:38,88
DA:40,88
DA:41,88
DA:42,0
DA:43,0
DA:45,88
DA:46,0
DA:47,0
DA:48,88
DA:50,88
DA:51,88
DA:53,0
DA:54,88
DA:56,88
DA:58,0
DA:59,0
DA:60,0
DA:61,88
DA:64,0
FN:64,BaseSetup._approveUsdc
FNDA:0,BaseSetup._approveUsdc
DA:65,0
DA:66,0
DA:69,88
FN:69,BaseSetup._supply
FNDA:88,BaseSetup._supply
DA:70,0
DA:71,0
DA:72,0
DA:75,88
FN:75,BaseSetup._supplyCollateral
FNDA:88,BaseSetup._supplyCollateral
DA:76,88
DA:77,88
DA:80,88
FN:80,BaseSetup._borrow
FNDA:88,BaseSetup._borrow
DA:81,0
DA:82,88
FNF:5
FNH:4
LF:38
LH:23
BRF:0
BRH:0
end_of_record
TN:
SF:test/EthTransfer.t.sol
DA:10,2
FN:10,EthReceiver.receive
FNDA:2,EthReceiver.receive
DA:19,1
FN:19,ReentrantEthReceiver.set
FNDA:1,ReentrantEthReceiver.set
DA:20,1
DA:21,1
DA:22,1
DA:25,1
FN:25,ReentrantEthReceiver.receive
FNDA:1,ReentrantEthReceiver.receive
DA:26,1
BRDA:26,0,0,1
DA:27,1
FNF:3
FNH:3
LF:8
LH:8
BRF:1
BRH:1
end_of_record
TN:
SF:test/Security.t.sol
DA:19,3
FN:19,ReentrantToken.setAttack
FNDA:3,ReentrantToken.setAttack
DA:20,3
DA:21,3
DA:24,19
FN:24,ReentrantToken._update
FNDA:19,ReentrantToken._update
DA:25,19
DA:26,19
BRDA:26,0,0,3
DA:27,3
FNF:2
FNH:2
LF:7
LH:7
BRF:1
BRH:1
end_of_record
